<?xml version="1.0" encoding="UTF-8"?>
<testng-results skipped="0" failed="0" total="1" passed="1">
  <reporter-output>
  </reporter-output>
  <suite name="Run Api Test" duration-ms="3791" started-at="2019-02-09T13:02:46Z" finished-at="2019-02-09T13:02:49Z">
    <groups>
      <group name="cucumber">
        <method signature="AbstractTestNGCucumberTests.feature(cucumber.api.testng.CucumberFeatureWrapper)[pri:0, instance:com.cs.TestNGrunners.RunCucumberTests@610694f1]" name="feature" class="cucumber.api.testng.AbstractTestNGCucumberTests"/>
      </group> <!-- cucumber -->
    </groups>
    <test name="testin api" duration-ms="3791" started-at="2019-02-09T13:02:46Z" finished-at="2019-02-09T13:02:49Z">
      <class name="com.cs.TestNGrunners.RunCucumberTests">
        <test-method status="PASS" signature="setUpClass()[pri:0, instance:com.cs.TestNGrunners.RunCucumberTests@610694f1]" name="setUpClass" is-config="true" duration-ms="339" started-at="2019-02-09T18:32:46Z" finished-at="2019-02-09T18:32:46Z">
          <reporter-output>
          </reporter-output>
        </test-method> <!-- setUpClass -->
        <test-method status="PASS" signature="feature(cucumber.api.testng.CucumberFeatureWrapper)[pri:0, instance:com.cs.TestNGrunners.RunCucumberTests@610694f1]" name="feature" duration-ms="2806" started-at="2019-02-09T18:32:46Z" description="Runs Cucumber Feature" data-provider="features" finished-at="2019-02-09T18:32:49Z">
          <params>
            <param index="0">
              <value>
                <![CDATA[testing api of trade tool]]>
              </value>
            </param>
          </params>
          <reporter-output>
          </reporter-output>
        </test-method> <!-- feature -->
        <test-method status="PASS" signature="tearDownClass()[pri:0, instance:com.cs.TestNGrunners.RunCucumberTests@610694f1]" name="tearDownClass" is-config="true" duration-ms="520" started-at="2019-02-09T18:32:49Z" finished-at="2019-02-09T18:32:49Z">
          <reporter-output>
          </reporter-output>
        </test-method> <!-- tearDownClass -->
        <test-method status="PASS" signature="test()[pri:0, instance:com.cs.TestNGrunners.RunCucumberTests@610694f1]" name="test" is-config="true" duration-ms="0" started-at="2019-02-09T18:32:49Z" finished-at="2019-02-09T18:32:49Z">
          <reporter-output>
          </reporter-output>
        </test-method> <!-- test -->
      </class> <!-- com.cs.TestNGrunners.RunCucumberTests -->
    </test> <!-- testin api -->
  </suite> <!-- Run Api Test -->
</testng-results>
